Using pre-set license

 COMMAND LINE ARGUMENTS:
/Applications/Unity/Hub/Editor/2020.3.6f1/Unity.app/Contents/MacOS/Unity
-adb2
-batchMode
-noUpm
-name
AssetImportWorker4
-projectPath
/Users/mustafacoskuner/Documents/GitHub/IceGame
-logFile
Logs/AssetImportWorker4.log
-srvPort
50198
Successfully changed project path to: /Users/mustafacoskuner/Documents/GitHub/IceGame
/Users/mustafacoskuner/Documents/GitHub/IceGame
Using Asset Import Pipeline V2.
Refreshing native plugins compatible for Editor in 5996.65 ms, found 4 plugins.
Preloading 0 native plugins for Editor in 0.00 ms.
Initialize engine version: 2020.3.6f1 (338bb68529b2)
[Subsystems] Discovering subsystems at path /Applications/Unity/Hub/Editor/2020.3.6f1/Unity.app/Contents/Resources/UnitySubsystems
[Subsystems] Discovering subsystems at path /Users/mustafacoskuner/Documents/GitHub/IceGame/Assets
GfxDevice: creating device client; threaded=0
2022-02-27 15:11:57.443 Unity[46063:2160364] iMac preferred device: AMD Radeon R9 M380 (high power)
2022-02-27 15:11:57.443 Unity[46063:2160364] Metal devices available: 1
2022-02-27 15:11:57.444 Unity[46063:2160364] 0: AMD Radeon R9 M380 (high power)
2022-02-27 15:11:57.444 Unity[46063:2160364] Using device AMD Radeon R9 M380 (high power)
Initializing Metal device caps: AMD Radeon R9 M380
