Using pre-set license

 COMMAND LINE ARGUMENTS:
/Applications/Unity/Hub/Editor/2020.3.6f1/Unity.app/Contents/MacOS/Unity
-adb2
-batchMode
-noUpm
-name
AssetImportWorker1
-projectPath
/Users/mustafacoskuner/Documents/GitHub/IceGame
-logFile
Logs/AssetImportWorker1.log
-srvPort
54150
Successfully changed project path to: /Users/mustafacoskuner/Documents/GitHub/IceGame
/Users/mustafacoskuner/Documents/GitHub/IceGame
Using Asset Import Pipeline V2.
Refreshing native plugins compatible for Editor in 270.53 ms, found 4 plugins.
Preloading 0 native plugins for Editor in 0.00 ms.
Initialize engine version: 2020.3.6f1 (338bb68529b2)
[Subsystems] Discovering subsystems at path /Applications/Unity/Hub/Editor/2020.3.6f1/Unity.app/Contents/Resources/UnitySubsystems
[Subsystems] Discovering subsystems at path /Users/mustafacoskuner/Documents/GitHub/IceGame/Assets
GfxDevice: creating device client; threaded=0
2022-02-20 02:34:53.383 Unity[8312:202509] iMac preferred device: AMD Radeon R9 M380 (high power)
2022-02-20 02:34:53.383 Unity[8312:202509] Metal devices available: 1
2022-02-20 02:34:53.384 Unity[8312:202509] 0: AMD Radeon R9 M380 (high power)
2022-02-20 02:34:53.384 Unity[8312:202509] Using device AMD Radeon R9 M380 (high power)
Initializing Metal device caps: AMD Radeon R9 M380
Initialize mono
Mono path[0] = '/Applications/Unity/Hub/Editor/2020.3.6f1/Unity.app/Contents/Managed'
Mono path[1] = '/Applications/Unity/Hub/Editor/2020.3.6f1/Unity.app/Contents/MonoBleedingEdge/lib/mono/unityjit'
Mono config path = '/Applications/Unity/Hub/Editor/2020.3.6f1/Unity.app/Contents/MonoBleedingEdge/etc'
Using monoOptions --debugger-agent=transport=dt_socket,embedding=1,server=y,suspend=n,address=127.0.0.1:56312
Begin MonoManager ReloadAssembly
Registering precompiled unity dll's ...
Register platform support module: /Applications/Unity/Hub/Editor/2020.3.6f1/Unity.app/Contents/PlaybackEngines/MacStandaloneSupport/UnityEditor.OSXStandalone.Extensions.dll
Registered in 0.175931 seconds.
Native extension for OSXStandalone target not found
Refreshing native plugins compatible for Editor in 68.02 ms, found 4 plugins.
Preloading 0 native plugins for Editor in 0.00 ms.
Mono: successfully reloaded assembly
- Completed reload, in  3.475 seconds
Platform modules already initialized, skipping
Registering precompiled user dll's ...
Registered in 0.184590 seconds.
Begin MonoManager ReloadAssembly
Native extension for OSXStandalone target not found
Refreshing native plugins compatible for Editor in 0.71 ms, found 4 plugins.
Preloading 0 native plugins for Editor in 0.00 ms.
System.IO.FileNotFoundException: Could not load file or assembly 'Google.VersionHandler, Version=1.2.0.0, Culture=neutral, PublicKeyToken=null' or one of its dependencies.
File name: 'Google.VersionHandler, Version=1.2.0.0, Culture=neutral, PublicKeyToken=null'
  at Facebook.Unity.Editor.AndroidSupportLibraryResolver..cctor () [0x00000] in <acca3eb40b8842389231aacd2ccd6d73>:0 
UnityEngine.StackTraceUtility:ExtractStackTrace () (at /Users/bokken/buildslave/unity/build/Runtime/Export/Scripting/StackTrace.cs:37)
UnityEngine.DebugLogHandler:LogFormat (UnityEngine.LogType,UnityEngine.Object,string,object[])
UnityEngine.Logger:Log (UnityEngine.LogType,object)
UnityEngine.Debug:LogError (object)
UnityEditor.EditorAssemblies:ProcessInitializeOnLoadAttributes (System.Type[]) (at /Users/bokken/buildslave/unity/build/Editor/Mono/EditorAssemblies.cs:118)

(Filename: /Users/bokken/buildslave/unity/build/Runtime/Export/Scripting/StackTrace.cs Line: 37)

WARNING: RGBA Compressed ETC2 UNorm format is not supported, decompressing texture
Mono: successfully reloaded assembly
- Completed reload, in  5.763 seconds
Platform modules already initialized, skipping
========================================================================
Worker process is ready to serve import requests
Launching external process: /Applications/Unity/Hub/Editor/2020.3.6f1/Unity.app/Contents/Tools/UnityShaderCompiler
Launched and connected shader compiler UnityShaderCompiler after 0.34 seconds
Refreshing native plugins compatible for Editor in 0.69 ms, found 4 plugins.
Preloading 0 native plugins for Editor in 0.00 ms.
Unloading 1814 Unused Serialized files (Serialized files now loaded: 0)
System memory in use before: 160.7 MB.
System memory in use after: 160.8 MB.

Unloading 51 unused Assets to reduce memory usage. Loaded Objects now: 2260.
Total: 3.015382 ms (FindLiveObjects: 0.235432 ms CreateObjectMapping: 0.103440 ms MarkObjects: 2.584220 ms  DeleteObjects: 0.091248 ms)

========================================================================
Received Import Request.
  path: Assets/Prefabs/levels/Level3.prefab
  artifactKey: Guid(77ba8379767f63140a38992629e3a852) Importer(815301076,1909f56bfc062723c751e8b465ee728b)
Start importing Assets/Prefabs/levels/Level3.prefab using Guid(77ba8379767f63140a38992629e3a852) Importer(815301076,1909f56bfc062723c751e8b465ee728b)  -> (artifact id: '8aaf25a02fdf653cbd3698431328b2bf') in 13.115623 seconds
  Import took 13.226773 seconds .

========================================================================
Received Import Request.
  Time since last request: 0.016178 seconds.
  path: Assets/Prefabs/levels/Level2.prefab
  artifactKey: Guid(698fb01973582be478bdce79b7d990c9) Importer(815301076,1909f56bfc062723c751e8b465ee728b)
Start importing Assets/Prefabs/levels/Level2.prefab using Guid(698fb01973582be478bdce79b7d990c9) Importer(815301076,1909f56bfc062723c751e8b465ee728b)  -> (artifact id: '74db080f1b3d6ed447788f1c746705a8') in 5.815411 seconds
  Import took 5.847131 seconds .

========================================================================
Received Import Request.
  Time since last request: 0.000235 seconds.
  path: Assets/Prefabs/Finish.prefab
  artifactKey: Guid(efa93ba2d056ade41a6c66350d46c826) Importer(815301076,1909f56bfc062723c751e8b465ee728b)
Start importing Assets/Prefabs/Finish.prefab using Guid(efa93ba2d056ade41a6c66350d46c826) Importer(815301076,1909f56bfc062723c751e8b465ee728b)  -> (artifact id: '6929f434c63310d0c72c3bb0ad85acf6') in 0.356825 seconds
  Import took 0.369332 seconds .

========================================================================
Received Prepare
Refreshing native plugins compatible for Editor in 8.52 ms, found 4 plugins.
Preloading 0 native plugins for Editor in 0.00 ms.
Unloading 83 Unused Serialized files (Serialized files now loaded: 0)
System memory in use before: 169.8 MB.
System memory in use after: 165.9 MB.

Unloading 54 unused Assets to reduce memory usage. Loaded Objects now: 2298.
Total: 4.524199 ms (FindLiveObjects: 0.242575 ms CreateObjectMapping: 0.101000 ms MarkObjects: 3.048210 ms  DeleteObjects: 1.130334 ms)

========================================================================
Received Prepare
Registering precompiled user dll's ...
Registered in 0.420271 seconds.
Begin MonoManager ReloadAssembly
Native extension for OSXStandalone target not found
Refreshing native plugins compatible for Editor in 0.73 ms, found 4 plugins.
Preloading 0 native plugins for Editor in 0.00 ms.
System.IO.FileNotFoundException: Could not load file or assembly 'Google.VersionHandler, Version=1.2.0.0, Culture=neutral, PublicKeyToken=null' or one of its dependencies.
File name: 'Google.VersionHandler, Version=1.2.0.0, Culture=neutral, PublicKeyToken=null'
  at Facebook.Unity.Editor.AndroidSupportLibraryResolver..cctor () [0x00000] in <acca3eb40b8842389231aacd2ccd6d73>:0 
UnityEngine.StackTraceUtility:ExtractStackTrace () (at /Users/bokken/buildslave/unity/build/Runtime/Export/Scripting/StackTrace.cs:37)
UnityEngine.DebugLogHandler:LogFormat (UnityEngine.LogType,UnityEngine.Object,string,object[])
UnityEngine.Logger:Log (UnityEngine.LogType,object)
UnityEngine.Debug:LogError (object)
UnityEditor.EditorAssemblies:ProcessInitializeOnLoadAttributes (System.Type[]) (at /Users/bokken/buildslave/unity/build/Editor/Mono/EditorAssemblies.cs:118)

(Filename: /Users/bokken/buildslave/unity/build/Runtime/Export/Scripting/StackTrace.cs Line: 37)

Mono: successfully reloaded assembly
- Completed reload, in  3.982 seconds
Platform modules already initialized, skipping
Switching build target platform(2) subTarget(0) extendedPlatform(0) -> platform(13) subTarget(537395200) extendedPlatform(0)
Refreshing native plugins compatible for Editor in 0.75 ms, found 4 plugins.
Preloading 0 native plugins for Editor in 0.00 ms.
Unloading 1838 Unused Serialized files (Serialized files now loaded: 0)
System memory in use before: 198.3 MB.
System memory in use after: 194.4 MB.

Unloading 57 unused Assets to reduce memory usage. Loaded Objects now: 2300.
Total: 3.344158 ms (FindLiveObjects: 0.202199 ms CreateObjectMapping: 0.064115 ms MarkObjects: 2.070639 ms  DeleteObjects: 1.006462 ms)

AssetImportParameters requested are different than current active one (requested -> active):
  custom:graphics/normal-map-encoding: 01000000000000000000000000000000 -> 02000000000000000000000000000000
========================================================================
Received Import Request.
  Time since last request: 34.358163 seconds.
  path: Assets/Models/buzlu.FBX
  artifactKey: Guid(06ef4d27309afb342adeca262dd8d92d) Importer(815301076,1909f56bfc062723c751e8b465ee728b)
Start importing Assets/Models/buzlu.FBX using Guid(06ef4d27309afb342adeca262dd8d92d) Importer(815301076,1909f56bfc062723c751e8b465ee728b)  -> (artifact id: '6ce0a8cbdd6b68ce202e9c46f476009e') in 2.620982 seconds
  Import took 2.654477 seconds .

========================================================================
Received Import Request.
  Time since last request: 0.000209 seconds.
  path: Assets/PhysicsMaterials/ColliderFriction.physicMaterial
  artifactKey: Guid(f49ddeba8ed2e3e4c83029604feaae92) Importer(815301076,1909f56bfc062723c751e8b465ee728b)
Start importing Assets/PhysicsMaterials/ColliderFriction.physicMaterial using Guid(f49ddeba8ed2e3e4c83029604feaae92) Importer(815301076,1909f56bfc062723c751e8b465ee728b)  -> (artifact id: 'f6bc2491090f60361c0f9d476dbac5d3') in 0.184535 seconds
  Import took 0.187533 seconds .

========================================================================
Received Import Request.
  Time since last request: 0.000191 seconds.
  path: Assets/Models/HARFLERVESAHNE1.FBX
  artifactKey: Guid(b86ae0b41b2eec144aac779f54022df5) Importer(815301076,1909f56bfc062723c751e8b465ee728b)
Start importing Assets/Models/HARFLERVESAHNE1.FBX using Guid(b86ae0b41b2eec144aac779f54022df5) Importer(815301076,1909f56bfc062723c751e8b465ee728b)  -> (artifact id: 'd6fe37d2868a13f6aa7b250c7dd80a8f') in 2.701473 seconds
  Import took 2.708295 seconds .

========================================================================
Received Import Request.
  Time since last request: 0.000199 seconds.
  path: Assets/Prefabs/levels/Level1.prefab
  artifactKey: Guid(68f46551c51e1c348a1d16813bd50eff) Importer(815301076,1909f56bfc062723c751e8b465ee728b)
Start importing Assets/Prefabs/levels/Level1.prefab using Guid(68f46551c51e1c348a1d16813bd50eff) Importer(815301076,1909f56bfc062723c751e8b465ee728b)  -> (artifact id: '2b38ad243fe0706c93769fa484d318aa') in 2.612670 seconds
  Import took 2.640905 seconds .

========================================================================
Received Prepare
Registering precompiled user dll's ...
Registered in 0.389819 seconds.
Begin MonoManager ReloadAssembly
Native extension for OSXStandalone target not found
Refreshing native plugins compatible for Editor in 0.98 ms, found 4 plugins.
Preloading 0 native plugins for Editor in 0.00 ms.
System.IO.FileNotFoundException: Could not load file or assembly 'Google.VersionHandler, Version=1.2.0.0, Culture=neutral, PublicKeyToken=null' or one of its dependencies.
File name: 'Google.VersionHandler, Version=1.2.0.0, Culture=neutral, PublicKeyToken=null'
  at Facebook.Unity.Editor.AndroidSupportLibraryResolver..cctor () [0x00000] in <acca3eb40b8842389231aacd2ccd6d73>:0 
UnityEngine.StackTraceUtility:ExtractStackTrace () (at /Users/bokken/buildslave/unity/build/Runtime/Export/Scripting/StackTrace.cs:37)
UnityEngine.DebugLogHandler:LogFormat (UnityEngine.LogType,UnityEngine.Object,string,object[])
UnityEngine.Logger:Log (UnityEngine.LogType,object)
UnityEngine.Debug:LogError (object)
UnityEditor.EditorAssemblies:ProcessInitializeOnLoadAttributes (System.Type[]) (at /Users/bokken/buildslave/unity/build/Editor/Mono/EditorAssemblies.cs:118)

(Filename: /Users/bokken/buildslave/unity/build/Runtime/Export/Scripting/StackTrace.cs Line: 37)

Mono: successfully reloaded assembly
- Completed reload, in  3.157 seconds
Platform modules already initialized, skipping
Switching build target platform(2) subTarget(0) extendedPlatform(0) -> platform(13) subTarget(537395200) extendedPlatform(0)
Refreshing native plugins compatible for Editor in 0.75 ms, found 4 plugins.
Preloading 0 native plugins for Editor in 0.00 ms.
Unloading 1838 Unused Serialized files (Serialized files now loaded: 0)
System memory in use before: 216.2 MB.
System memory in use after: 212.3 MB.

Unloading 57 unused Assets to reduce memory usage. Loaded Objects now: 2339.
Total: 3.362939 ms (FindLiveObjects: 0.246449 ms CreateObjectMapping: 0.086616 ms MarkObjects: 2.004457 ms  DeleteObjects: 1.024305 ms)

AssetImportParameters requested are different than current active one (requested -> active):
  custom:graphics/normal-map-encoding: 01000000000000000000000000000000 -> 02000000000000000000000000000000
========================================================================
Received Prepare
Refreshing native plugins compatible for Editor in 818.11 ms, found 4 plugins.
Preloading 0 native plugins for Editor in 0.00 ms.
Unloading 54 Unused Serialized files (Serialized files now loaded: 0)
System memory in use before: 183.1 MB.
System memory in use after: 179.2 MB.

Unloading 54 unused Assets to reduce memory usage. Loaded Objects now: 2339.
Total: 21.877458 ms (FindLiveObjects: 0.609924 ms CreateObjectMapping: 0.080052 ms MarkObjects: 19.583240 ms  DeleteObjects: 1.601187 ms)

========================================================================
Received Import Request.
  Time since last request: 1125.677247 seconds.
  path: Assets/Resources/ElephantSettings.asset
  artifactKey: Guid(4be747910fb314ed4b9b6a13475cc9a4) Importer(815301076,1909f56bfc062723c751e8b465ee728b)
Start importing Assets/Resources/ElephantSettings.asset using Guid(4be747910fb314ed4b9b6a13475cc9a4) Importer(815301076,1909f56bfc062723c751e8b465ee728b)  -> (artifact id: '351a0527ee0408a812c7b12cf9fbd138') in 0.738157 seconds
  Import took 0.872425 seconds .

========================================================================
Received Import Request.
  Time since last request: 29.981538 seconds.
  path: Assets/Elephant/elephant_scene.unity
  artifactKey: Guid(47a686e3b898646ae802a7832a649176) Importer(815301076,1909f56bfc062723c751e8b465ee728b)
Start importing Assets/Elephant/elephant_scene.unity using Guid(47a686e3b898646ae802a7832a649176) Importer(815301076,1909f56bfc062723c751e8b465ee728b)  -> (artifact id: 'c657f573f1a5081d2ec6cb3855070f15') in 0.028746 seconds
  Import took 0.059555 seconds .

========================================================================
Received Import Request.
  Time since last request: 1.706094 seconds.
  path: Assets/Elephant/Example
  artifactKey: Guid(3fe3f29adfd794260981563f63159938) Importer(815301076,1909f56bfc062723c751e8b465ee728b)
Start importing Assets/Elephant/Example using Guid(3fe3f29adfd794260981563f63159938) Importer(815301076,1909f56bfc062723c751e8b465ee728b)  -> (artifact id: 'c945940810b812df0f03afaa36724b6c') in 0.002031 seconds
  Import took 0.020434 seconds .

========================================================================
Received Prepare
Registering precompiled user dll's ...
Registered in 0.326774 seconds.
Begin MonoManager ReloadAssembly
Native extension for OSXStandalone target not found
Refreshing native plugins compatible for Editor in 0.74 ms, found 4 plugins.
Preloading 0 native plugins for Editor in 0.00 ms.
System.IO.FileNotFoundException: Could not load file or assembly 'Google.VersionHandler, Version=1.2.0.0, Culture=neutral, PublicKeyToken=null' or one of its dependencies.
File name: 'Google.VersionHandler, Version=1.2.0.0, Culture=neutral, PublicKeyToken=null'
  at Facebook.Unity.Editor.AndroidSupportLibraryResolver..cctor () [0x00000] in <acca3eb40b8842389231aacd2ccd6d73>:0 
UnityEngine.StackTraceUtility:ExtractStackTrace () (at /Users/bokken/buildslave/unity/build/Runtime/Export/Scripting/StackTrace.cs:37)
UnityEngine.DebugLogHandler:LogFormat (UnityEngine.LogType,UnityEngine.Object,string,object[])
UnityEngine.Logger:Log (UnityEngine.LogType,object)
UnityEngine.Debug:LogError (object)
UnityEditor.EditorAssemblies:ProcessInitializeOnLoadAttributes (System.Type[]) (at /Users/bokken/buildslave/unity/build/Editor/Mono/EditorAssemblies.cs:118)

(Filename: /Users/bokken/buildslave/unity/build/Runtime/Export/Scripting/StackTrace.cs Line: 37)

Mono: successfully reloaded assembly
- Completed reload, in  5.310 seconds
Platform modules already initialized, skipping
Switching build target platform(2) subTarget(0) extendedPlatform(0) -> platform(13) subTarget(537395200) extendedPlatform(0)
Refreshing native plugins compatible for Editor in 0.68 ms, found 4 plugins.
Preloading 0 native plugins for Editor in 0.00 ms.
Unloading 1810 Unused Serialized files (Serialized files now loaded: 0)
System memory in use before: 222.5 MB.
System memory in use after: 218.6 MB.

Unloading 57 unused Assets to reduce memory usage. Loaded Objects now: 2313.
Total: 3.577321 ms (FindLiveObjects: 0.297844 ms CreateObjectMapping: 0.071277 ms MarkObjects: 2.085840 ms  DeleteObjects: 1.121343 ms)

AssetImportParameters requested are different than current active one (requested -> active):
  custom:graphics/normal-map-encoding: 01000000000000000000000000000000 -> 02000000000000000000000000000000
