Using pre-set license

 COMMAND LINE ARGUMENTS:
/Applications/Unity/Hub/Editor/2020.3.6f1/Unity.app/Contents/MacOS/Unity
-adb2
-batchMode
-noUpm
-name
AssetImportWorker3
-projectPath
/Users/mustafacoskuner/Documents/GitHub/IceGame
-logFile
Logs/AssetImportWorker3.log
-srvPort
56197
Successfully changed project path to: /Users/mustafacoskuner/Documents/GitHub/IceGame
/Users/mustafacoskuner/Documents/GitHub/IceGame
Using Asset Import Pipeline V2.
Refreshing native plugins compatible for Editor in 426.36 ms, found 4 plugins.
Preloading 0 native plugins for Editor in 0.00 ms.
Initialize engine version: 2020.3.6f1 (338bb68529b2)
[Subsystems] Discovering subsystems at path /Applications/Unity/Hub/Editor/2020.3.6f1/Unity.app/Contents/Resources/UnitySubsystems
[Subsystems] Discovering subsystems at path /Users/mustafacoskuner/Documents/GitHub/IceGame/Assets
GfxDevice: creating device client; threaded=0
2022-02-28 03:08:56.755 Unity[49834:2387725] iMac preferred device: AMD Radeon R9 M380 (high power)
2022-02-28 03:08:56.755 Unity[49834:2387725] Metal devices available: 1
2022-02-28 03:08:56.755 Unity[49834:2387725] 0: AMD Radeon R9 M380 (high power)
2022-02-28 03:08:56.756 Unity[49834:2387725] Using device AMD Radeon R9 M380 (high power)
Initializing Metal device caps: AMD Radeon R9 M380
Initialize mono
Mono path[0] = '/Applications/Unity/Hub/Editor/2020.3.6f1/Unity.app/Contents/Managed'
Mono path[1] = '/Applications/Unity/Hub/Editor/2020.3.6f1/Unity.app/Contents/MonoBleedingEdge/lib/mono/unityjit'
Mono config path = '/Applications/Unity/Hub/Editor/2020.3.6f1/Unity.app/Contents/MonoBleedingEdge/etc'
Using monoOptions --debugger-agent=transport=dt_socket,embedding=1,server=y,suspend=n,address=127.0.0.1:56834
Begin MonoManager ReloadAssembly
Registering precompiled unity dll's ...
Register platform support module: /Applications/Unity/Hub/Editor/2020.3.6f1/Unity.app/Contents/PlaybackEngines/MacStandaloneSupport/UnityEditor.OSXStandalone.Extensions.dll
Registered in 0.201228 seconds.
Native extension for OSXStandalone target not found
Refreshing native plugins compatible for Editor in 77.65 ms, found 4 plugins.
Preloading 0 native plugins for Editor in 0.00 ms.
Mono: successfully reloaded assembly
- Completed reload, in  4.700 seconds
Platform modules already initialized, skipping
Registering precompiled user dll's ...
Registered in 0.688589 seconds.
