Using pre-set license
Built from '2020.3/staging' branch; Version is '2020.3.16f1 (049d6eca3c44) revision 302446'; Using compiler version '192528614'; Build Type 'Release'
OS: 'Windows 10 Pro; OS build 19043.1526; Version 2009; 64bit' Language: 'tr' Physical Memory: 16173 MB
BatchMode: 1, IsHumanControllingUs: 0, StartBugReporterOnCrash: 0, Is64bit: 1, IsPro: 0

 COMMAND LINE ARGUMENTS:
C:\Program Files\Unity\Hub\Editor\2020.3.16f1\Editor\Unity.exe
-adb2
-batchMode
-noUpm
-name
AssetImportWorker2
-projectPath
C:/Users/İrem/Documents/GitHub/IceGame
-logFile
Logs/AssetImportWorker2.log
-srvPort
64014
Successfully changed project path to: C:/Users/İrem/Documents/GitHub/IceGame
C:/Users/İrem/Documents/GitHub/IceGame
Using Asset Import Pipeline V2.
Refreshing native plugins compatible for Editor in 52.31 ms, found 5 plugins.
Preloading 0 native plugins for Editor in 0.00 ms.
Initialize engine version: 2020.3.16f1 (049d6eca3c44)
[Subsystems] Discovering subsystems at path C:/Program Files/Unity/Hub/Editor/2020.3.16f1/Editor/Data/Resources/UnitySubsystems
[Subsystems] Discovering subsystems at path C:/Users/İrem/Documents/GitHub/IceGame/Assets
GfxDevice: creating device client; threaded=0
Direct3D:
    Version:  Direct3D 11.0 [level 11.1]
    Renderer: NVIDIA GeForce GTX 1650 (ID=0x1f99)
    Vendor:   
    VRAM:     3962 MB
    Driver:   27.21.14.5720
Initialize mono
Mono path[0] = 'C:/Program Files/Unity/Hub/Editor/2020.3.16f1/Editor/Data/Managed'
Mono path[1] = 'C:/Program Files/Unity/Hub/Editor/2020.3.16f1/Editor/Data/MonoBleedingEdge/lib/mono/unityjit'
Mono config path = 'C:/Program Files/Unity/Hub/Editor/2020.3.16f1/Editor/Data/MonoBleedingEdge/etc'
Using monoOptions --debugger-agent=transport=dt_socket,embedding=1,server=y,suspend=n,address=127.0.0.1:56236
Begin MonoManager ReloadAssembly
Registering precompiled unity dll's ...
Register platform support module: C:/Program Files/Unity/Hub/Editor/2020.3.16f1/Editor/Data/PlaybackEngines/WindowsStandaloneSupport/UnityEditor.WindowsStandalone.Extensions.dll
Registered in 0.001511 seconds.
Native extension for WindowsStandalone target not found
Refreshing native plugins compatible for Editor in 50.99 ms, found 5 plugins.
Preloading 0 native plugins for Editor in 0.00 ms.
Mono: successfully reloaded assembly
- Completed reload, in  5.799 seconds
Domain Reload Profiling:
	ReloadAssembly (5799ms)
		BeginReloadAssembly (45ms)
			ExecutionOrderSort (0ms)
			DisableScriptedObjects (0ms)
			BackupInstance (0ms)
			ReleaseScriptingObjects (0ms)
			CreateAndSetChildDomain (1ms)
		EndReloadAssembly (499ms)
			LoadAssemblies (43ms)
			RebuildTransferFunctionScriptingTraits (0ms)
			SetupTypeCache (242ms)
			ReleaseScriptCaches (0ms)
			RebuildScriptCaches (27ms)
			SetupLoadedEditorAssemblies (166ms)
				LogAssemblyErrors (0ms)
				InitializePlatformSupportModulesInManaged (3ms)
				SetLoadedEditorAssemblies (0ms)
				RefreshPlugins (51ms)
				BeforeProcessingInitializeOnLoad (15ms)
				ProcessInitializeOnLoadAttributes (67ms)
				ProcessInitializeOnLoadMethodAttributes (29ms)
				AfterProcessingInitializeOnLoad (0ms)
				EditorAssembliesLoaded (0ms)
			ExecutionOrderSort2 (0ms)
			AwakeInstancesAfterBackupRestoration (0ms)
Platform modules already initialized, skipping
Registering precompiled user dll's ...
Registered in 0.004586 seconds.
Begin MonoManager ReloadAssembly
Native extension for WindowsStandalone target not found
Refreshing native plugins compatible for Editor in 0.48 ms, found 5 plugins.
Preloading 0 native plugins for Editor in 0.00 ms.
Mono: successfully reloaded assembly
- Completed reload, in  1.068 seconds
Domain Reload Profiling:
	ReloadAssembly (1069ms)
		BeginReloadAssembly (123ms)
			ExecutionOrderSort (0ms)
			DisableScriptedObjects (4ms)
			BackupInstance (0ms)
			ReleaseScriptingObjects (0ms)
			CreateAndSetChildDomain (15ms)
		EndReloadAssembly (892ms)
			LoadAssemblies (73ms)
			RebuildTransferFunctionScriptingTraits (0ms)
			SetupTypeCache (260ms)
			ReleaseScriptCaches (0ms)
			RebuildScriptCaches (45ms)
			SetupLoadedEditorAssemblies (428ms)
				LogAssemblyErrors (0ms)
				InitializePlatformSupportModulesInManaged (4ms)
				SetLoadedEditorAssemblies (0ms)
				RefreshPlugins (1ms)
				BeforeProcessingInitializeOnLoad (71ms)
				ProcessInitializeOnLoadAttributes (343ms)
				ProcessInitializeOnLoadMethodAttributes (4ms)
				AfterProcessingInitializeOnLoad (5ms)
				EditorAssembliesLoaded (0ms)
			ExecutionOrderSort2 (0ms)
			AwakeInstancesAfterBackupRestoration (6ms)
Platform modules already initialized, skipping
========================================================================
Worker process is ready to serve import requests
Launched and connected shader compiler UnityShaderCompiler.exe after 0.24 seconds
Refreshing native plugins compatible for Editor in 0.49 ms, found 5 plugins.
Preloading 0 native plugins for Editor in 0.00 ms.
Unloading 1731 Unused Serialized files (Serialized files now loaded: 0)
System memory in use before: 79.7 MB.
System memory in use after: 79.8 MB.

Unloading 29 unused Assets to reduce memory usage. Loaded Objects now: 2174.
Total: 2.446400 ms (FindLiveObjects: 0.161200 ms CreateObjectMapping: 0.067800 ms MarkObjects: 2.158200 ms  DeleteObjects: 0.058100 ms)

AssetImportParameters requested are different than current active one (requested -> active):
  custom:framework-win-MediaFoundation: 216162199b28c13a410421893ffa2e32 -> 
  custom:video-decoder-ogg-theora: a1e56fd34408186e4bbccfd4996cb3dc -> 
  custom:container-muxer-webm: aa71ff27fc2769a1b78a27578f13a17b -> 
  custom:container-demuxer-webm: 4f35f7cbe854078d1ac9338744f61a02 -> 
  custom:container-demuxer-ogg: 62fdf1f143b41e24485cea50d1cbac27 -> 
  custom:video-encoder-webm-vp8: eb34c28f22e8b96e1ab97ce403110664 -> 
  custom:video-decoder-webm-vp8: 9c59270c3fd7afecdb556c50c9e8de78 -> 
  custom:audio-decoder-ogg-vorbis: bf7c407c2cedff20999df2af8eb42d56 -> 
  custom:audio-encoder-webm-vorbis: bf7c407c2cedff20999df2af8eb42d56 -> 
========================================================================
Received Import Request.
  path: Assets/Models/IceCharacters/IceChar1/textures/FuseModel_Bottom_specular.png
  artifactKey: Guid(58b8d3d1cc7e66944b1ee6c37100808b) Importer(815301076,1909f56bfc062723c751e8b465ee728b)
Start importing Assets/Models/IceCharacters/IceChar1/textures/FuseModel_Bottom_specular.png using Guid(58b8d3d1cc7e66944b1ee6c37100808b) Importer(815301076,1909f56bfc062723c751e8b465ee728b)  -> (artifact id: '02ac31624c79208ffd588723a8f57850') in 0.084634 seconds 
  Import took 0.088269 seconds .

========================================================================
Received Import Request.
  Time since last request: 0.000200 seconds.
  path: Assets/Models/IceCharacters/IceChar1/textures/FuseModel_Body_specular.png
  artifactKey: Guid(819d5e86aa5f7e74d9b9eacd9c478798) Importer(815301076,1909f56bfc062723c751e8b465ee728b)
Start importing Assets/Models/IceCharacters/IceChar1/textures/FuseModel_Body_specular.png using Guid(819d5e86aa5f7e74d9b9eacd9c478798) Importer(815301076,1909f56bfc062723c751e8b465ee728b)  -> (artifact id: 'a6841aad0778424742c0387cc106017c') in 0.035567 seconds 
  Import took 0.038521 seconds .

========================================================================
Received Import Request.
  Time since last request: 0.000183 seconds.
  path: Assets/Models/IceCharacters/IceChar1/textures/FuseModel_Top_normal.png
  artifactKey: Guid(1eeb1d106ae9ee44097fce31b612769c) Importer(815301076,1909f56bfc062723c751e8b465ee728b)
Start importing Assets/Models/IceCharacters/IceChar1/textures/FuseModel_Top_normal.png using Guid(1eeb1d106ae9ee44097fce31b612769c) Importer(815301076,1909f56bfc062723c751e8b465ee728b)  -> (artifact id: '3f9191026c1edba980e3bf3cea68446d') in 0.028591 seconds 
  Import took 0.031613 seconds .

========================================================================
Received Import Request.
  Time since last request: 0.000191 seconds.
  path: Assets/Models/IceCharacters/IceChar1/textures/FuseModel_Top_diffuse.png
  artifactKey: Guid(2a5a76c6ab0b574458d83ac4fc3ae355) Importer(815301076,1909f56bfc062723c751e8b465ee728b)
Start importing Assets/Models/IceCharacters/IceChar1/textures/FuseModel_Top_diffuse.png using Guid(2a5a76c6ab0b574458d83ac4fc3ae355) Importer(815301076,1909f56bfc062723c751e8b465ee728b)  -> (artifact id: 'dd9d472bd7398175e1eee3d2ca13ea83') in 0.030512 seconds 
  Import took 0.032923 seconds .

========================================================================
Received Import Request.
  Time since last request: 0.000134 seconds.
  path: Assets/Models/IceCharacters/IceChar1/textures
  artifactKey: Guid(ee4e6717a6d6b544daaa8f4bb80e2947) Importer(815301076,1909f56bfc062723c751e8b465ee728b)
Start importing Assets/Models/IceCharacters/IceChar1/textures using Guid(ee4e6717a6d6b544daaa8f4bb80e2947) Importer(815301076,1909f56bfc062723c751e8b465ee728b)  -> (artifact id: 'f727f1a42be8b0f9f43a4c80593664e1') in 0.006014 seconds 
  Import took 0.009047 seconds .

========================================================================
Received Import Request.
  Time since last request: 0.000161 seconds.
  path: Assets/Models/IceCharacters/IceChar1/textures/FuseModel_Bottom_diffuse.png
  artifactKey: Guid(6678c01827295e645a3759b912a885be) Importer(815301076,1909f56bfc062723c751e8b465ee728b)
Start importing Assets/Models/IceCharacters/IceChar1/textures/FuseModel_Bottom_diffuse.png using Guid(6678c01827295e645a3759b912a885be) Importer(815301076,1909f56bfc062723c751e8b465ee728b)  -> (artifact id: '4eae55902e3a70a2e556b1f91516c05c') in 0.033907 seconds 
  Import took 0.036440 seconds .

========================================================================
Received Import Request.
  Time since last request: 0.000213 seconds.
  path: Assets/Models/IceCharacters/IceChar1/textures/FuseModel_Bottom_normal.png
  artifactKey: Guid(591752c1e2b354c4ca2255b556e05e21) Importer(815301076,1909f56bfc062723c751e8b465ee728b)
Start importing Assets/Models/IceCharacters/IceChar1/textures/FuseModel_Bottom_normal.png using Guid(591752c1e2b354c4ca2255b556e05e21) Importer(815301076,1909f56bfc062723c751e8b465ee728b)  -> (artifact id: 'a59e0e410105ce13e445f04c3abe5634') in 0.029366 seconds 
  Import took 0.032921 seconds .

========================================================================
Received Import Request.
  Time since last request: 0.000179 seconds.
  path: Assets/Models/IceCharacters/IceChar1/textures/FuseModel_Body_diffuse.png
  artifactKey: Guid(c2c31f1113306a84fa38dd400ddbb3cd) Importer(815301076,1909f56bfc062723c751e8b465ee728b)
Start importing Assets/Models/IceCharacters/IceChar1/textures/FuseModel_Body_diffuse.png using Guid(c2c31f1113306a84fa38dd400ddbb3cd) Importer(815301076,1909f56bfc062723c751e8b465ee728b)  -> (artifact id: '1319f2c6eade260020b1fb9a9c3ab789') in 0.035877 seconds 
  Import took 0.038788 seconds .

========================================================================
Received Import Request.
  Time since last request: 0.000189 seconds.
  path: Assets/Models/IceCharacters/IceChar1/textures/FuseModel_Hair_diffuse.png
  artifactKey: Guid(4b08b2c0e07fe884caf13aa9d436a278) Importer(815301076,1909f56bfc062723c751e8b465ee728b)
Start importing Assets/Models/IceCharacters/IceChar1/textures/FuseModel_Hair_diffuse.png using Guid(4b08b2c0e07fe884caf13aa9d436a278) Importer(815301076,1909f56bfc062723c751e8b465ee728b)  -> (artifact id: '42f93c7fcc7dced24e47802c87be37aa') in 0.018606 seconds 
  Import took 0.021318 seconds .

========================================================================
Received Import Request.
  Time since last request: 0.000180 seconds.
  path: Assets/Models/IceCharacters/IceChar1/textures/FuseModel_Body_normal.png
  artifactKey: Guid(1f1e22d63c283114f99247077042dd7d) Importer(815301076,1909f56bfc062723c751e8b465ee728b)
Start importing Assets/Models/IceCharacters/IceChar1/textures/FuseModel_Body_normal.png using Guid(1f1e22d63c283114f99247077042dd7d) Importer(815301076,1909f56bfc062723c751e8b465ee728b)  -> (artifact id: '3889cf96dae8eb338265cc2e8e7fa8a2') in 0.031400 seconds 
  Import took 0.034813 seconds .

========================================================================
Received Import Request.
  Time since last request: 0.000213 seconds.
  path: Assets/Models/IceCharacters/IceChar1/textures/FuseModel_Top_specular.png
  artifactKey: Guid(301d2cce5c99ff44eb0ca4b9f0f030b0) Importer(815301076,1909f56bfc062723c751e8b465ee728b)
Start importing Assets/Models/IceCharacters/IceChar1/textures/FuseModel_Top_specular.png using Guid(301d2cce5c99ff44eb0ca4b9f0f030b0) Importer(815301076,1909f56bfc062723c751e8b465ee728b)  -> (artifact id: '12250a0bb56bc883b45d529aa4b23a46') in 0.034131 seconds 
  Import took 0.037157 seconds .

========================================================================
Received Import Request.
  Time since last request: 0.000154 seconds.
  path: Assets/Models/IceCharacters/IceChar1/textures/FuseModel_Hair_normal.png
  artifactKey: Guid(1428521ba3b363548a854337e802f369) Importer(815301076,1909f56bfc062723c751e8b465ee728b)
Start importing Assets/Models/IceCharacters/IceChar1/textures/FuseModel_Hair_normal.png using Guid(1428521ba3b363548a854337e802f369) Importer(815301076,1909f56bfc062723c751e8b465ee728b)  -> (artifact id: '7419bde0ed24b496629c326bc670d3a3') in 0.021091 seconds 
  Import took 0.025138 seconds .

========================================================================
Received Import Request.
  Time since last request: 0.000173 seconds.
  path: Assets/Models/IceCharacters/IceChar1/textures/FuseModel_Hair_specular.png
  artifactKey: Guid(8e5bdb0d0636c034ebae21026df458b2) Importer(815301076,1909f56bfc062723c751e8b465ee728b)
Start importing Assets/Models/IceCharacters/IceChar1/textures/FuseModel_Hair_specular.png using Guid(8e5bdb0d0636c034ebae21026df458b2) Importer(815301076,1909f56bfc062723c751e8b465ee728b)  -> (artifact id: '7ab00baf030d60aeb3e9e3ac4c984600') in 0.022830 seconds 
  Import took 0.026743 seconds .

